<?xml version="1.0" encoding="UTF-8"?>
<!-- Generated by org.testng.reporters.JUnitXMLReporter -->
<testsuite ignored="0" hostname="DESKTOP-2DSSCG0" failures="0" tests="6" name="Surefire test" time="0.109" errors="0" timestamp="2022-08-01T18:27:56 IST">
  <testcase classname="qaclickacademy.Javamaven.AppiumTest" name="IOSApp" time="0.0"/>
  <testcase classname="qaclickacademy.Javamaven.AppiumTest" name="NativeAppAndroid" time="0.0"/>
  <testcase classname="qaclickacademy.Javamaven.RestAPITest" name="deleteTwitter" time="0.0"/>
  <testcase classname="qaclickacademy.Javamaven.RestAPITest" name="postJira" time="0.0"/>
  <testcase classname="qaclickacademy.Javamaven.SelenimTest" name="BrowserAutomation" time="0.0"/>
  <testcase classname="qaclickacademy.Javamaven.SelenimTest" name="elementsui" time="0.0"/>
</testsuite> <!-- Surefire test -->
