<?xml version="1.0" encoding="UTF-8"?>
<testng-results ignored="0" total="6" passed="6" failed="0" skipped="0">
  <reporter-output>
  </reporter-output>
  <suite started-at="2022-08-02T15:38:56 IST" name="Command line suite" finished-at="2022-08-02T15:38:56 IST" duration-ms="113">
    <groups>
    </groups>
    <test started-at="2022-08-02T15:38:56 IST" name="Command line test" finished-at="2022-08-02T15:38:56 IST" duration-ms="113">
      <class name="qaclickacademy.Javamaven.RestAPITest">
        <test-method signature="deleteTwitter()[pri:0, instance:qaclickacademy.Javamaven.RestAPITest@57d5872c]" started-at="2022-08-02T15:38:56 IST" name="deleteTwitter" finished-at="2022-08-02T15:38:56 IST" duration-ms="0" status="PASS">
          <reporter-output>
          </reporter-output>
        </test-method> <!-- deleteTwitter -->
        <test-method signature="postJira()[pri:0, instance:qaclickacademy.Javamaven.RestAPITest@57d5872c]" started-at="2022-08-02T15:38:56 IST" name="postJira" finished-at="2022-08-02T15:38:56 IST" duration-ms="1" status="PASS">
          <reporter-output>
          </reporter-output>
        </test-method> <!-- postJira -->
      </class> <!-- qaclickacademy.Javamaven.RestAPITest -->
      <class name="qaclickacademy.Javamaven.SelenimTest">
        <test-method signature="BrowserAutomation()[pri:0, instance:qaclickacademy.Javamaven.SelenimTest@667a738]" started-at="2022-08-02T15:38:56 IST" name="BrowserAutomation" finished-at="2022-08-02T15:38:56 IST" duration-ms="1" status="PASS">
          <reporter-output>
          </reporter-output>
        </test-method> <!-- BrowserAutomation -->
        <test-method signature="elementsui()[pri:0, instance:qaclickacademy.Javamaven.SelenimTest@667a738]" started-at="2022-08-02T15:38:56 IST" name="elementsui" finished-at="2022-08-02T15:38:56 IST" duration-ms="1" status="PASS">
          <reporter-output>
          </reporter-output>
        </test-method> <!-- elementsui -->
      </class> <!-- qaclickacademy.Javamaven.SelenimTest -->
      <class name="qaclickacademy.Javamaven.AppiumTest">
        <test-method signature="IOSApp()[pri:0, instance:qaclickacademy.Javamaven.AppiumTest@2357d90a]" started-at="2022-08-02T15:38:56 IST" name="IOSApp" finished-at="2022-08-02T15:38:56 IST" duration-ms="8" status="PASS">
          <reporter-output>
          </reporter-output>
        </test-method> <!-- IOSApp -->
        <test-method signature="NativeAppAndroid()[pri:0, instance:qaclickacademy.Javamaven.AppiumTest@2357d90a]" started-at="2022-08-02T15:38:56 IST" name="NativeAppAndroid" finished-at="2022-08-02T15:38:56 IST" duration-ms="1" status="PASS">
          <reporter-output>
          </reporter-output>
        </test-method> <!-- NativeAppAndroid -->
      </class> <!-- qaclickacademy.Javamaven.AppiumTest -->
    </test> <!-- Command line test -->
  </suite> <!-- Command line suite -->
</testng-results>
