<?xml version="1.0" encoding="UTF-8"?>
<testng-results ignored="0" total="2" passed="2" failed="0" skipped="0">
  <reporter-output>
  </reporter-output>
  <suite started-at="2022-08-01T17:47:13 IST" name="Default suite" finished-at="2022-08-01T17:47:13 IST" duration-ms="90">
    <groups>
    </groups>
    <test started-at="2022-08-01T17:47:13 IST" name="Default test" finished-at="2022-08-01T17:47:13 IST" duration-ms="90">
      <class name="qaclickacademy.Javamaven.SelenimTest">
        <test-method signature="BrowserAutomation()[pri:0, instance:qaclickacademy.Javamaven.SelenimTest@3bf9ce3e]" started-at="2022-08-01T17:47:13 IST" name="BrowserAutomation" finished-at="2022-08-01T17:47:13 IST" duration-ms="16" status="PASS">
          <reporter-output>
          </reporter-output>
        </test-method> <!-- BrowserAutomation -->
        <test-method signature="elementsui()[pri:0, instance:qaclickacademy.Javamaven.SelenimTest@3bf9ce3e]" started-at="2022-08-01T17:47:13 IST" name="elementsui" finished-at="2022-08-01T17:47:13 IST" duration-ms="2" status="PASS">
          <reporter-output>
          </reporter-output>
        </test-method> <!-- elementsui -->
      </class> <!-- qaclickacademy.Javamaven.SelenimTest -->
    </test> <!-- Default test -->
  </suite> <!-- Default suite -->
</testng-results>
